<?xml version="1.0" encoding="UTF-8"?>
<testng-results ignored="0" total="2" passed="2" failed="0" skipped="0">
  <reporter-output>
  </reporter-output>
  <suite started-at="2023-09-04T09:50:10 UTC" name="Suite" finished-at="2023-09-04T09:50:15 UTC" duration-ms="5222">
    <groups>
    </groups>
    <test started-at="2023-09-04T09:50:10 UTC" name="Test" finished-at="2023-09-04T09:50:15 UTC" duration-ms="5222">
      <class name="ai.iamneo.testing.Testing_Selenium_TestNg.AppTest">
        <test-method is-config="true" signature="beforeTest()[pri:0, instance:ai.iamneo.testing.Testing_Selenium_TestNg.AppTest@2928854b]" started-at="2023-09-04T09:50:10 UTC" name="beforeTest" finished-at="2023-09-04T09:50:15 UTC" duration-ms="4943" status="PASS">
          <reporter-output>
          </reporter-output>
        </test-method> <!-- beforeTest -->
        <test-method signature="testcase_1()[pri:0, instance:ai.iamneo.testing.Testing_Selenium_TestNg.AppTest@2928854b]" started-at="2023-09-04T09:50:15 UTC" name="testcase_1" finished-at="2023-09-04T09:50:15 UTC" duration-ms="3" status="PASS">
          <reporter-output>
          </reporter-output>
        </test-method> <!-- testcase_1 -->
        <test-method signature="testcase_2()[pri:0, instance:ai.iamneo.testing.Testing_Selenium_TestNg.AppTest@2928854b]" started-at="2023-09-04T09:50:15 UTC" name="testcase_2" finished-at="2023-09-04T09:50:15 UTC" duration-ms="0" status="PASS">
          <reporter-output>
          </reporter-output>
        </test-method> <!-- testcase_2 -->
        <test-method is-config="true" signature="afterTest()[pri:0, instance:ai.iamneo.testing.Testing_Selenium_TestNg.AppTest@2928854b]" started-at="2023-09-04T09:50:15 UTC" name="afterTest" finished-at="2023-09-04T09:50:15 UTC" duration-ms="252" status="PASS">
          <reporter-output>
          </reporter-output>
        </test-method> <!-- afterTest -->
      </class> <!-- ai.iamneo.testing.Testing_Selenium_TestNg.AppTest -->
    </test> <!-- Test -->
  </suite> <!-- Suite -->
</testng-results>
