<?xml version="1.0" encoding="UTF-8"?>
<!-- Generated by org.testng.reporters.JUnitXMLReporter -->
<testsuite ignored="0" hostname="aafcdfbcefdfddfddddfcbefbaaebdcffff-0" failures="0" tests="2" name="Test" time="2.835" errors="0" timestamp="2023-09-04T09:45:44 UTC">
  <testcase classname="ai.iamneo.testing.Testing_Selenium_TestNg.AppTest" name="testcase_1" time="0.002"/>
  <testcase classname="ai.iamneo.testing.Testing_Selenium_TestNg.AppTest" name="testcase_2" time="0.0"/>
</testsuite> <!-- Test -->
